make all --print-data-base --no-builtin-variables --no-builtin-rules --question
# GNU Make 3.81
# Copyright (C) 2006  Free Software Foundation, Inc.
# This is free software; see the source for copying conditions.
# There is NO warranty; not even for MERCHANTABILITY or FITNESS FOR A
# PARTICULAR PURPOSE.

# This program built for i386-apple-darwin11.3.0
 
make: *** No rule to make target `all'.  Stop.
 

# Make data base, printed on Thu Dec  2 22:52:10 2021
 

# Variables

# automatic
<D = $(patsubst %/,%,$(dir $<))
# automatic
?F = $(notdir $?)
# environment
VSCODE_LOG_NATIVE = false
# environment
NVM_INC = /Users/duncanproctor/.nvm/versions/node/v14.17.4/include/node
# automatic
?D = $(patsubst %/,%,$(dir $?))
# automatic
@D = $(patsubst %/,%,$(dir $@))
# automatic
@F = $(notdir $@)
# makefile
CURDIR := /Users/duncanproctor/Documents/Fall 2021/OS/Project 3
# makefile
SHELL = /bin/sh
# environment
VSCODE_NLS_CONFIG = {"locale":"en-us","availableLanguages":{},"_languagePackSupport":true}
# environment
_ = /usr/bin/make
# makefile (from `Makefile', line 1)
MAKEFILE_LIST :=  Makefile
# environment
VSCODE_VERBOSE_LOGGING = true
# environment
__CFBundleIdentifier = com.microsoft.VSCode
# environment
VSCODE_IPC_HOOK_EXTHOST = /var/folders/5c/jqsjtc594k95vhm0fyfbzw840000gn/T/vscode-ipc-c1927c15-135b-4930-a4fb-e02a5c33043c.sock
# environment
VSCODE_CWD = /
# environment
PATH = /Users/duncanproctor/.nvm/versions/node/v14.17.4/bin:/Users/duncanproctor/.npm-global/bin:/usr/local/bin:/usr/bin:/bin:/usr/sbin:/sbin:/Library/Apple/usr/bin:/Users/duncanproctor/flutter/bin
# environment
NVM_BIN = /Users/duncanproctor/.nvm/versions/node/v14.17.4/bin
# environment
VSCODE_LOG_STACK = false
# environment
ELECTRON_RUN_AS_NODE = 1
# default
.FEATURES := target-specific order-only second-expansion else-if archives jobserver check-symlink
# environment
SSH_AUTH_SOCK = /private/tmp/com.apple.launchd.h1Ekpds3q0/Listeners
# automatic
%F = $(notdir $%)
# environment
VSCODE_PIPE_LOGGING = true
# environment
PWD = /Users/duncanproctor/Documents/Fall 2021/OS/Project 3
# environment
ORIGINAL_XDG_CURRENT_DESKTOP = undefined
# environment
VSCODE_AMD_ENTRYPOINT = vs/workbench/services/extensions/node/extensionHostProcess
# environment
HOME = /Users/duncanproctor
# default
MAKEFILEPATH := /Applications/Xcode.app/Contents/Developer/Makefiles
# environment
VSCODE_CODE_CACHE_PATH = /Users/duncanproctor/Library/Application Support/Code/CachedData/ccbaa2d27e38e5afa3e5c21c1c7bef4657064247
# environment
LOGNAME = duncanproctor
# environment
APPLICATION_INSIGHTS_NO_DIAGNOSTIC_CHANNEL = true
# environment
NVM_CD_FLAGS = -q
# environment
VSCODE_HANDLES_UNCAUGHT_ERRORS = true
# automatic
^D = $(patsubst %/,%,$(dir $^))
# environment
XPC_FLAGS = 0x0
# default
MAKE = $(MAKE_COMMAND)
# default
MAKECMDGOALS := all
# environment
SHLVL = 1
# default
MAKE_VERSION := 3.81
# environment
USER = duncanproctor
# makefile
.DEFAULT_GOAL := build/fat32_tools.o
# automatic
%D = $(patsubst %/,%,$(dir $%))
# default
MAKE_COMMAND := /Applications/Xcode.app/Contents/Developer/usr/bin/make
# default
.VARIABLES := 
# environment
TMPDIR = /var/folders/5c/jqsjtc594k95vhm0fyfbzw840000gn/T/
# automatic
*F = $(notdir $*)
# environment
VSCODE_IPC_HOOK = /Users/duncanproctor/Library/Application Support/Code/1.62.3-main.sock
# makefile
MAKEFLAGS = Rrqp
# environment
MFLAGS = -Rrqp
# automatic
*D = $(patsubst %/,%,$(dir $*))
# environment
NVM_DIR = /Users/duncanproctor/.nvm
# environment
XPC_SERVICE_NAME = application.com.microsoft.VSCode.72356385.72356393
# environment
CODEARTIFACT_AUTH_TOKEN = eyJ2ZXIiOjEsImlzdSI6MTYzODI0NzM5NiwiZW5jIjoiQTEyOEdDTSIsInRhZyI6IndBOE1DdXp4ZUFQLVo3N1JHOVMtVnciLCJleHAiOjE2MzgyOTA1OTYsImFsZyI6IkExMjhHQ01LVyIsIml2IjoiejFCTVNkSmdfU082cFBybiJ9.R3pXQYd6OXF8kiUGMpXvDw.GMlxVSkf-eXdvk1-.3TIdBu3vj8EywM4yjyUYA3PzEyEZZpB8MI23vtMrzQ3XZh0epZGdFl9k6hd09aAoqhOykUnnU1pfT3C8U-FajRH7kFDiHMM-NuuG-Z9Z3vzGWDakOBd2EY04etg7Q22DkA2ft7Hm1_BU9jKViz0JxgfxXBRF7wXw01v2J3KToCeJfoftIcTqIgAa7JG6xz1ez1gFs6kPo_Jr_87zue3lTDOcd_DPBUK3k3lTWlz60oPD7Ge70nks0Toje7uQW7hkO6iQTwsuJbyNeDbjlA0MXz_ifM5mPNENK08qfDrW0z6HuQDSSX18nXYhX3y5HIfYBMe9iNyytqarzFFE4Run1Ilrb7qp9DgSJAtH088Idl8NRO5yl1f7M-VroR3anvHCAJNt8THxnf68PgoecJLWy70hszH3XdFxEe8Rt4nBuvbKgEUaJgUkoX_PQuUcDKVyXZUEg5_u3N3LiB3VyXUj7ieZtBqTgrdKf9Q6TZz77THC3Uir8POrjoWWo8y7iF9umtV_c4JRPPqsaBywpZg2mDXYxc-1wnjLcWgrKCqg5Uq74rYodIuHkTiLau4IrsK0rrHGii5xuiPFmsGKA3o7OKceOaN-uqhxJkg7vA4Mv2wIt6aYu6BdxvyyjEofq85eUHPDniOzk4sWllUB3YIp9KcFpTVjXdEAeEi7_KfSlJbhQKjki9ED4bvfblb6UGxlU8A-Bt5aj58KTkzvFg3sGzizGuVZuLHxyGn8pRYm9ji8IQj72b27GXSK3haub14td3m3TXFedPC01X_D0jRQPL48UO2MVidu_i-JMeeErjdOnRw_w8mFhijOpJrdQ8D6fPdcGfMlXcsTxckacbMyIqksbxsDs6FmvgXPzb8X7ckF4tEVFGgfPrMKqCgYS0wLovdyD_-y7CbI2rGGVhxnnLTWEFpD4w.WzbmLK9w4YoygEXUnyZ42Q
# automatic
+D = $(patsubst %/,%,$(dir $+))
# automatic
+F = $(notdir $+)
# environment
__CF_USER_TEXT_ENCODING = 0x1F5:0x0:0x0
# environment
COMMAND_MODE = unix2003
# default
MAKEFILES := 
# automatic
<F = $(notdir $<)
# environment
LC_ALL = C
# automatic
^F = $(notdir $^)
# default
SUFFIXES := 
# default
.INCLUDE_DIRS = /usr/local/include
# environment
MAKELEVEL := 0
# environment
LANG = C
# environment
VSCODE_PID = 44931
# variable set hash-table stats:
# Load=67/1024=7%, Rehash=0, Collisions=1/91=1%

# Pattern-specific Variable Values

# No pattern-specific variable values.

# Directories

# . (device 16777221, inode 72219491): 28 files, no impossibilities.

# 28 files, no impossibilities in 1 directories.

# Implicit Rules
 

# No implicit rules.

# Files

# Not a target:
string_utils.c:
#  Implicit rule search has not been done.
#  Modification time never checked.
#  File has not been updated.

# Not a target:
all:
#  Command-line target.
#  Implicit rule search has been done.
#  File does not exist.
#  File has not been updated.
# variable set hash-table stats:
# Load=0/32=0%, Rehash=0, Collisions=0/0=0%

# Not a target:
repl.c:
#  Implicit rule search has not been done.
#  Modification time never checked.
#  File has not been updated.

.PHONY: test
#  Implicit rule search has not been done.
#  Modification time never checked.
#  File has not been updated.

# Not a target:
main.c:
#  Implicit rule search has not been done.
#  Modification time never checked.
#  File has not been updated.

# Not a target:
path.c:
#  Implicit rule search has not been done.
#  Modification time never checked.
#  File has not been updated.

# Not a target:
.SUFFIXES:
#  Implicit rule search has not been done.
#  Modification time never checked.
#  File has not been updated.

# Not a target:
fat32.c:
#  Implicit rule search has not been done.
#  Modification time never checked.
#  File has not been updated.

# Not a target:
Makefile:
#  Implicit rule search has been done.
#  Last modified 2021-12-02 22:51:45
#  File has been updated.
#  Successfully updated.
# variable set hash-table stats:
# Load=0/32=0%, Rehash=0, Collisions=0/0=0%

# Not a target:
cmds/info.c:
#  Implicit rule search has not been done.
#  Modification time never checked.
#  File has not been updated.

test:
#  Phony target (prerequisite of .PHONY).
#  Implicit rule search has not been done.
#  File does not exist.
#  File has not been updated.
#  commands to execute (from `Makefile', line 6):
	mkdir -p build
	mkdir -p build/test
	cc -o ./build/test/fat32.o test/fat32.c
	cc -o ./build/test/string_utils.o test/string_utils.c 
	cc -o ./build/test/command.o test/command.c
	cc -o ./build/test/path.o test/path.c
	./build/test/fat32.o
	./build/test/string_utils.o
	./build/test/command.o	
	./build/test/path.o
	

# Not a target:
command.c:
#  Implicit rule search has not been done.
#  Modification time never checked.
#  File has not been updated.

build/fat32_tools.o: fat32.c repl.c string_utils.c main.c cmds/info.c cmds/size.c cmds/ls.c cmds/creat.c cmds/cd.c command.c dispatch.c path.c tool_context.c misc_utils.c
#  Implicit rule search has not been done.
#  Modification time never checked.
#  File has not been updated.
#  commands to execute (from `Makefile', line 2):
	mkdir -p build
	cc -std=c99 -g -o ./build/fat32_tools.o fat32.c repl.c string_utils.c main.c command.c dispatch.c path.c tool_context.c misc_utils.c
	

# Not a target:
.DEFAULT:
#  Implicit rule search has not been done.
#  Modification time never checked.
#  File has not been updated.

# Not a target:
cmds/size.c:
#  Implicit rule search has not been done.
#  Modification time never checked.
#  File has not been updated.

# Not a target:
tool_context.c:
#  Implicit rule search has not been done.
#  Modification time never checked.
#  File has not been updated.

run: build/fat32_tools.o
#  Implicit rule search has not been done.
#  Modification time never checked.
#  File has not been updated.
#  commands to execute (from `Makefile', line 18):
	./build/fat32_tools.o ./assets/canvas_example.img
	

# Not a target:
misc_utils.c:
#  Implicit rule search has not been done.
#  Modification time never checked.
#  File has not been updated.

# Not a target:
dispatch.c:
#  Implicit rule search has not been done.
#  Modification time never checked.
#  File has not been updated.

# Not a target:
cmds/ls.c:
#  Implicit rule search has not been done.
#  Modification time never checked.
#  File has not been updated.

# Not a target:
cmds/cd.c:
#  Implicit rule search has not been done.
#  Modification time never checked.
#  File has not been updated.

# Not a target:
cmds/creat.c:
#  Implicit rule search has not been done.
#  Modification time never checked.
#  File has not been updated.

# files hash-table stats:
# Load=22/1024=2%, Rehash=0, Collisions=2/50=4%
# VPATH Search Paths

# No `vpath' search paths.

# No general (`VPATH' variable) search path.

# # of strings in strcache: 1
# # of strcache buffers: 1
# strcache size: total = 4096 / max = 4096 / min = 4096 / avg = 4096
# strcache free: total = 4087 / max = 4087 / min = 4087 / avg = 4087

# Finished Make data base on Thu Dec  2 22:52:10 2021

 
